<?xml version="1.0" encoding="UTF-8"?>
<testsuites name="Setup_Teardown_CURA_001" time="40.941" tests="2" failures="0" errors="0">
   <testsuite name="Setup_Teardown_CURA_001" tests="2" failures="0" errors="0" time="40.941" skipped="0" timestamp="26-01-2024T13:53:19" hostname="neha siddiqui - DESKTOP-I165DKA" id="Test Suites/Setup_Teardown_CURA_001">
      <properties>
         <property name="deviceName" value=""/>
         <property name="devicePlatform" value=""/>
         <property name="logFolder" value="C:\\xampp\\htdocs\\software testing internship\\CURA_Automation_Testing_SB\\Reports\\20240126_135309\\Setup_Teardown_CURA_001\\20240126_135309"/>
         <property name="logFiles" value="C:\\xampp\\htdocs\\software testing internship\\CURA_Automation_Testing_SB\\Reports\\20240126_135309\\Setup_Teardown_CURA_001\\20240126_135309\\execution0.log"/>
         <property name="attachments" value=""/>
         <property name="hostName" value="neha siddiqui - DESKTOP-I165DKA"/>
         <property name="os" value="Windows 11 64bit"/>
         <property name="katalonVersion" value="9.1.0.212"/>
         <property name="browser" value="Chrome 120.0.0.0"/>
         <property name="hostAddress" value="10.0.0.6"/>
         <property name="sessionId" value="880fac0d83c613859aef93ff1030e18e"/>
         <property name="seleniumVersion" value="3.141.59"/>
         <property name="proxyInformation" value="ProxyInformation { proxyOption=NO_PROXY, proxyServerType=HTTP, username=, password=********, proxyServerAddress=, proxyServerPort=0, executionList=&quot;&quot;, isApplyToDesiredCapabilities=true }"/>
         <property name="platform" value="Windows 11"/>
      </properties>
      <testcase name="Test Cases/TC_CURA_login_001" time="27.761" classname="Test Cases/TC_CURA_login_001" status="PASSED">
         <system-out><![CDATA[26-01-2024T13:53:19 - [TEST_CASE][PASSED] - Test Cases/TC_CURA_login_001: Test Cases/TC_CURA_login_001

26-01-2024T13:53:19 - [TEST_STEP][PASSED] - openBrowser(""): Browser is opened with url: ''

26-01-2024T13:53:20 - [MESSAGE][INFO] - Starting 'Chrome' driver

26-01-2024T13:53:20 - [MESSAGE][INFO] - Action delay is set to 0 milliseconds

26-01-2024T13:53:35 - [MESSAGE][PASSED] - Browser is opened with url: ''

26-01-2024T13:53:35 - [TEST_STEP][PASSED] - navigateToUrl("https://katalon-demo-cura.herokuapp.com/"): Navigate to 'https://katalon-demo-cura.herokuapp.com/' successfully

26-01-2024T13:53:38 - [MESSAGE][PASSED] - Navigate to 'https://katalon-demo-cura.herokuapp.com/' successfully

26-01-2024T13:53:38 - [TEST_STEP][PASSED] - click(findTestObject("Object Repository/CURA_login_OR_001/Page_CURA Healthcare Service/a_Make Appointment")): Object: 'Object Repository/CURA_login_OR_001/Page_CURA Healthcare Service/a_Make Appointment' is clicked on

26-01-2024T13:53:39 - [MESSAGE][PASSED] - Object: 'Object Repository/CURA_login_OR_001/Page_CURA Healthcare Service/a_Make Appointment' is clicked on

26-01-2024T13:53:39 - [TEST_STEP][PASSED] - setText(findTestObject("Object Repository/CURA_login_OR_001/Page_CURA Healthcare Service/input_username"), "John Doe"): Text 'John Doe' is set on object 'Object Repository/CURA_login_OR_001/Page_CURA Healthcare Service/input_username'

26-01-2024T13:53:40 - [MESSAGE][PASSED] - Text 'John Doe' is set on object 'Object Repository/CURA_login_OR_001/Page_CURA Healthcare Service/input_username'

26-01-2024T13:53:40 - [TEST_STEP][PASSED] - setEncryptedText(findTestObject("Object Repository/CURA_login_OR_001/Page_CURA Healthcare Service/input_password"), "g3/DOGG74jC3Flrr3yH+3D/yKbOqqUNM"): Text ****** has been set on object 'Object Repository/CURA_login_OR_001/Page_CURA Healthcare Service/input_password'

26-01-2024T13:53:41 - [MESSAGE][PASSED] - Text ****** has been set on object 'Object Repository/CURA_login_OR_001/Page_CURA Healthcare Service/input_password'

26-01-2024T13:53:41 - [TEST_STEP][PASSED] - click(findTestObject("Object Repository/CURA_login_OR_001/Page_CURA Healthcare Service/button_Login")): Object: 'Object Repository/CURA_login_OR_001/Page_CURA Healthcare Service/button_Login' is clicked on

26-01-2024T13:53:46 - [MESSAGE][PASSED] - Object: 'Object Repository/CURA_login_OR_001/Page_CURA Healthcare Service/button_Login' is clicked on

26-01-2024T13:53:46 - [TEST_STEP][PASSED] - closeBrowser(): Browser is closed

26-01-2024T13:53:47 - [MESSAGE][PASSED] - Browser is closed]]></system-out>
         <system-err><![CDATA[]]></system-err>
      </testcase>
      <testcase name="Test Cases/TC_CURA_MakeAppoitmentValidation_002" time="12.897" classname="Test Cases/TC_CURA_MakeAppoitmentValidation_002" status="PASSED">
         <system-out><![CDATA[26-01-2024T13:53:47 - [TEST_CASE][PASSED] - Test Cases/TC_CURA_MakeAppoitmentValidation_002: Test Cases/TC_CURA_MakeAppoitmentValidation_002

26-01-2024T13:53:47 - [TEST_STEP][PASSED] - openBrowser(""): Browser is opened with url: ''

26-01-2024T13:53:47 - [MESSAGE][INFO] - Starting 'Chrome' driver

26-01-2024T13:53:47 - [MESSAGE][INFO] - Action delay is set to 0 milliseconds

26-01-2024T13:53:49 - [MESSAGE][PASSED] - Browser is opened with url: ''

26-01-2024T13:53:49 - [TEST_STEP][PASSED] - maximizeWindow(): Current window maximized

26-01-2024T13:53:49 - [MESSAGE][PASSED] - Current window maximized

26-01-2024T13:53:49 - [TEST_STEP][PASSED] - navigateToUrl("https://katalon-demo-cura.herokuapp.com/"): Navigate to 'https://katalon-demo-cura.herokuapp.com/' successfully

26-01-2024T13:53:55 - [MESSAGE][PASSED] - Navigate to 'https://katalon-demo-cura.herokuapp.com/' successfully

26-01-2024T13:53:55 - [TEST_STEP][PASSED] - click(findTestObject("Object Repository/MakeAppoitmentValidation_OR_002/Page_CURA Healthcare Service/a_Make Appointment")): Object: 'Object Repository/MakeAppoitmentValidation_OR_002/Page_CURA Healthcare Service/a_Make Appointment' is clicked on

26-01-2024T13:53:56 - [MESSAGE][PASSED] - Object: 'Object Repository/MakeAppoitmentValidation_OR_002/Page_CURA Healthcare Service/a_Make Appointment' is clicked on

26-01-2024T13:53:56 - [TEST_STEP][PASSED] - setText(findTestObject("Object Repository/MakeAppoitmentValidation_OR_002/Page_CURA Healthcare Service/input_username"), "John Doe"): Text 'John Doe' is set on object 'Object Repository/MakeAppoitmentValidation_OR_002/Page_CURA Healthcare Service/input_username'

26-01-2024T13:53:57 - [MESSAGE][PASSED] - Text 'John Doe' is set on object 'Object Repository/MakeAppoitmentValidation_OR_002/Page_CURA Healthcare Service/input_username'

26-01-2024T13:53:57 - [TEST_STEP][PASSED] - setText(findTestObject("Object Repository/MakeAppoitmentValidation_OR_002/Page_CURA Healthcare Service/input_password"), "ThisIsNotAPassword"): Text 'ThisIsNotAPassword' is set on object 'Object Repository/MakeAppoitmentValidation_OR_002/Page_CURA Healthcare Service/input_password'

26-01-2024T13:53:58 - [MESSAGE][PASSED] - Text 'ThisIsNotAPassword' is set on object 'Object Repository/MakeAppoitmentValidation_OR_002/Page_CURA Healthcare Service/input_password'

26-01-2024T13:53:58 - [TEST_STEP][PASSED] - click(findTestObject("Object Repository/MakeAppoitmentValidation_OR_002/Page_CURA Healthcare Service/button_Login")): Object: 'Object Repository/MakeAppoitmentValidation_OR_002/Page_CURA Healthcare Service/button_Login' is clicked on

26-01-2024T13:53:59 - [MESSAGE][PASSED] - Object: 'Object Repository/MakeAppoitmentValidation_OR_002/Page_CURA Healthcare Service/button_Login' is clicked on

26-01-2024T13:53:59 - [TEST_STEP][PASSED] - verifyElementPresent(findTestObject("Object Repository/MakeAppoitmentValidation_OR_002/Page_CURA Healthcare Service/h2_Make Appointment"), 0): Object 'Object Repository/MakeAppoitmentValidation_OR_002/Page_CURA Healthcare Service/h2_Make Appointment' is present

26-01-2024T13:53:59 - [MESSAGE][WARNING] - Timeout '0' is invalid. Using default page load timeout: '30'

26-01-2024T13:53:59 - [MESSAGE][PASSED] - Object 'Object Repository/MakeAppoitmentValidation_OR_002/Page_CURA Healthcare Service/h2_Make Appointment' is present

26-01-2024T13:53:59 - [TEST_STEP][PASSED] - closeBrowser(): Browser is closed

26-01-2024T13:54:00 - [MESSAGE][PASSED] - Browser is closed]]></system-out>
         <system-err><![CDATA[]]></system-err>
      </testcase>
      <system-out><![CDATA[26-01-2024T13:53:19 - [TEST_SUITE][PASSED] - Setup_Teardown_CURA_001: Test Cases/TC_CURA_MakeAppoitmentValidation_002]]></system-out>
      <system-err><![CDATA[]]></system-err>
   </testsuite>
</testsuites>
